14-May-2018 21:33:39.945 INFO [http-nio-8080-exec-5] org.apache.catalina.core.ApplicationContext.log HTMLManager: init: Associated with Deployer 'Catalina:type=Deployer,host=localhost'
14-May-2018 21:33:39.945 INFO [http-nio-8080-exec-5] org.apache.catalina.core.ApplicationContext.log HTMLManager: init: Global resources are available
14-May-2018 21:33:39.969 INFO [http-nio-8080-exec-5] org.apache.catalina.core.ApplicationContext.log HTMLManager: list: Listing contexts for virtual host 'localhost'
14-May-2018 21:33:43.599 INFO [http-nio-8080-exec-6] org.apache.catalina.core.ApplicationContext.log HTMLManager: undeploy: Undeploying web application at '/basejava_Web exploded'
14-May-2018 21:33:44.311 INFO [http-nio-8080-exec-6] org.apache.catalina.core.ApplicationContext.log HTMLManager: list: Listing contexts for virtual host 'localhost'
14-May-2018 21:33:49.252 INFO [http-nio-8080-exec-4] org.apache.catalina.core.ApplicationContext.log HTMLManager: undeploy: Undeploying web application at '/basejavaWebexploded'
14-May-2018 21:33:49.957 INFO [http-nio-8080-exec-4] org.apache.catalina.core.ApplicationContext.log HTMLManager: list: Listing contexts for virtual host 'localhost'
14-May-2018 21:33:58.253 INFO [http-nio-8080-exec-7] org.apache.catalina.core.ApplicationContext.log HTMLManager: list: Listing contexts for virtual host 'localhost'
14-May-2018 21:35:14.039 INFO [http-nio-8080-exec-13] org.apache.catalina.core.ApplicationContext.log HTMLManager: undeploy: Undeploying web application at '/basejava_Web exploded'
14-May-2018 21:35:14.811 INFO [http-nio-8080-exec-13] org.apache.catalina.core.ApplicationContext.log HTMLManager: list: Listing contexts for virtual host 'localhost'
14-May-2018 21:35:24.938 INFO [http-nio-8080-exec-17] org.apache.catalina.core.ApplicationContext.log HTMLManager: list: Listing contexts for virtual host 'localhost'
14-May-2018 21:37:27.063 INFO [http-nio-8080-exec-21] org.apache.catalina.core.ApplicationContext.log HTMLManager: undeploy: Undeploying web application at '/basejava_Web exploded'
14-May-2018 21:37:27.747 INFO [http-nio-8080-exec-21] org.apache.catalina.core.ApplicationContext.log HTMLManager: list: Listing contexts for virtual host 'localhost'
14-May-2018 21:37:35.763 INFO [http-nio-8080-exec-24] org.apache.catalina.core.ApplicationContext.log HTMLManager: list: Listing contexts for virtual host 'localhost'
14-May-2018 21:38:39.723 INFO [http-nio-8080-exec-29] org.apache.catalina.core.ApplicationContext.log HTMLManager: undeploy: Undeploying web application at '/basejava_Web exploded'
14-May-2018 21:38:40.404 INFO [http-nio-8080-exec-29] org.apache.catalina.core.ApplicationContext.log HTMLManager: list: Listing contexts for virtual host 'localhost'
14-May-2018 21:38:45.875 INFO [http-nio-8080-exec-31] org.apache.catalina.core.ApplicationContext.log HTMLManager: list: Listing contexts for virtual host 'localhost'
14-May-2018 21:43:47.800 INFO [http-nio-8080-exec-36] org.apache.catalina.core.ApplicationContext.log HTMLManager: restart: Reloading web application '/basejava_Web exploded'
14-May-2018 21:43:48.668 INFO [http-nio-8080-exec-36] org.apache.catalina.core.ApplicationContext.log HTMLManager: list: Listing contexts for virtual host 'localhost'
14-May-2018 21:44:00.500 INFO [http-nio-8080-exec-44] org.apache.catalina.core.ApplicationContext.log HTMLManager: undeploy: Undeploying web application at '/basejava_Web exploded'
14-May-2018 21:44:01.183 INFO [http-nio-8080-exec-44] org.apache.catalina.core.ApplicationContext.log HTMLManager: list: Listing contexts for virtual host 'localhost'
14-May-2018 21:44:08.026 INFO [http-nio-8080-exec-48] org.apache.catalina.core.ApplicationContext.log HTMLManager: list: Listing contexts for virtual host 'localhost'
14-May-2018 21:44:53.388 INFO [http-nio-8080-exec-42] org.apache.catalina.core.ApplicationContext.log HTMLManager: stop: Stopping web application '/basejava_Web exploded'
14-May-2018 21:44:53.412 INFO [http-nio-8080-exec-42] org.apache.catalina.core.ApplicationContext.log HTMLManager: list: Listing contexts for virtual host 'localhost'
14-May-2018 21:44:54.923 INFO [http-nio-8080-exec-45] org.apache.catalina.core.ApplicationContext.log HTMLManager: start: Starting web application '/basejava_Web exploded'
14-May-2018 21:44:55.307 INFO [http-nio-8080-exec-45] org.apache.catalina.core.ApplicationContext.log HTMLManager: list: Listing contexts for virtual host 'localhost'
14-May-2018 21:44:56.311 INFO [http-nio-8080-exec-47] org.apache.catalina.core.ApplicationContext.log HTMLManager: restart: Reloading web application '/basejava_Web exploded'
14-May-2018 21:44:56.743 INFO [http-nio-8080-exec-47] org.apache.catalina.core.ApplicationContext.log HTMLManager: list: Listing contexts for virtual host 'localhost'
14-May-2018 21:44:57.531 INFO [http-nio-8080-exec-55] org.apache.catalina.core.ApplicationContext.log HTMLManager: stop: Stopping web application '/basejava_Web exploded'
14-May-2018 21:44:57.539 INFO [http-nio-8080-exec-55] org.apache.catalina.core.ApplicationContext.log HTMLManager: list: Listing contexts for virtual host 'localhost'
14-May-2018 21:44:58.655 INFO [http-nio-8080-exec-52] org.apache.catalina.core.ApplicationContext.log HTMLManager: start: Starting web application '/basejava_Web exploded'
14-May-2018 21:44:58.975 INFO [http-nio-8080-exec-52] org.apache.catalina.core.ApplicationContext.log HTMLManager: list: Listing contexts for virtual host 'localhost'
14-May-2018 21:44:59.447 INFO [http-nio-8080-exec-54] org.apache.catalina.core.ApplicationContext.log HTMLManager: restart: Reloading web application '/basejava_Web exploded'
14-May-2018 21:44:59.827 INFO [http-nio-8080-exec-54] org.apache.catalina.core.ApplicationContext.log HTMLManager: list: Listing contexts for virtual host 'localhost'
14-May-2018 21:45:11.251 INFO [http-nio-8080-exec-49] org.apache.catalina.core.ApplicationContext.log HTMLManager: undeploy: Undeploying web application at '/basejava_Web exploded'
14-May-2018 21:45:11.953 INFO [http-nio-8080-exec-49] org.apache.catalina.core.ApplicationContext.log HTMLManager: list: Listing contexts for virtual host 'localhost'
14-May-2018 21:45:17.679 INFO [http-nio-8080-exec-50] org.apache.catalina.core.ApplicationContext.log HTMLManager: list: Listing contexts for virtual host 'localhost'
